<?xml version="1.0" encoding="UTF-8"?>
<!-- Generated by org.testng.reporters.JUnitXMLReporter -->
<testsuite ignored="2" hostname="DESKTOP-14N1F2H" failures="0" tests="1" name="hackerrank Test" time="6.113" errors="0" timestamp="2024-02-13T23:35:38 EST">
  <testcase classname="com.pro.rough.TwoTest" name="hackerrankTest" time="2.527"/>
  <testcase classname="com.pro.rough.TwoTest" name="FacebookTest" time="0.0">
    <ignored/>
  </testcase> <!-- FacebookTest -->
  <testcase classname="com.pro.rough.TwoTest" name="googleTest" time="0.0">
    <ignored/>
  </testcase> <!-- googleTest -->
</testsuite> <!-- hackerrank Test -->
