<?xml version="1.0" encoding="UTF-8"?>
<!-- Generated by org.testng.reporters.JUnitXMLReporter -->
<testsuite ignored="2" hostname="DESKTOP-14N1F2H" failures="1" tests="1" name="GoogleTest" time="6.965" errors="0" timestamp="2024-02-14T00:54:09 EST">
  <testcase classname="com.pro.rough.TwoTest" name="googleTest" time="1.935">
    <failure type="java.lang.AssertionError" message="expected [true] but found [false]">
      <![CDATA[java.lang.AssertionError: expected [true] but found [false]
at com.pro.rough.TwoTest.googleTest(TwoTest.java:37)
at java.base/java.util.ArrayList.forEach(ArrayList.java:1511)
... Removed 31 stack frames]]>
    </failure>
  </testcase> <!-- googleTest -->
  <testcase classname="com.pro.rough.TwoTest" name="hackerrankTest" time="0.0">
    <ignored/>
  </testcase> <!-- hackerrankTest -->
  <testcase classname="com.pro.rough.TwoTest" name="FacebookTest" time="0.0">
    <ignored/>
  </testcase> <!-- FacebookTest -->
</testsuite> <!-- GoogleTest -->
