<?xml version="1.0" encoding="UTF-8"?>
<!-- Generated by org.testng.reporters.JUnitXMLReporter -->
<testsuite ignored="2" hostname="DESKTOP-14N1F2H" failures="0" tests="1" name="hackerrank Test" time="9.838" errors="0" timestamp="2024-02-14T00:54:26 EST">
  <testcase classname="com.pro.rough.TwoTest" name="hackerrankTest" time="6.391"/>
  <testcase classname="com.pro.rough.TwoTest" name="googleTest" time="0.0">
    <ignored/>
  </testcase> <!-- googleTest -->
  <testcase classname="com.pro.rough.TwoTest" name="FacebookTest" time="0.0">
    <ignored/>
  </testcase> <!-- FacebookTest -->
</testsuite> <!-- hackerrank Test -->
