<?xml version="1.0" encoding="UTF-8"?>
<!-- Generated by org.testng.reporters.JUnitXMLReporter -->
<testsuite ignored="2" hostname="DESKTOP-14N1F2H" failures="0" tests="1" name="hackerrank Test" time="27.635" errors="0" timestamp="2024-04-17T10:22:59 EDT">
  <testcase classname="com.pro.rough.TwoTest" name="hackerrankTest" time="24.029"/>
  <testcase classname="com.pro.rough.TwoTest" name="googleTest" time="0.0">
    <ignored/>
  </testcase> <!-- googleTest -->
  <testcase classname="com.pro.rough.TwoTest" name="FacebookTest" time="0.0">
    <ignored/>
  </testcase> <!-- FacebookTest -->
</testsuite> <!-- hackerrank Test -->
